6/25/2023 11:46:20 PM - Deleting file: C:\Users\cyber\OneDrive\Documents\DharmawheelUploadTheseWeekly\DhammawheelScraper_ForDhammanando.zip...
6/25/2023 11:46:20 PM - Deleting file: C:\Users\cyber\OneDrive\Documents\DharmawheelUploadTheseWeekly\DharmawheelScraper_ForAstus.zip...
6/25/2023 11:46:20 PM - Deleting file: C:\Users\cyber\OneDrive\Documents\DharmawheelUploadTheseWeekly\DharmawheelScraper_Forkrodha.zip...
6/25/2023 11:46:20 PM - Deleting file: C:\Users\cyber\OneDrive\Documents\DharmawheelUploadTheseWeekly\DharmawheelScraper_ForMeido.zip...
6/25/2023 11:46:20 PM - Deleting file: C:\Users\cyber\OneDrive\Documents\DharmawheelUploadTheseWeekly\Malcolm12PartsForumPosts.zip...
6/25/2023 11:46:20 PM - Deleting file: C:\Users\cyber\OneDrive\Documents\DharmawheelUploadTheseWeekly\Malcolm1PartForumPosts.zip...
6/25/2023 11:46:20 PM - Deleting file: C:\Users\cyber\OneDrive\Documents\DharmawheelUploadTheseWeekly\Malcolm3PartsForumPosts.zip...
6/25/2023 11:46:20 PM - Deleting file: C:\Users\cyber\OneDrive\Documents\DharmawheelUploadTheseWeekly\MalcolmCategorisedWordsAndPDFs.zip...
6/25/2023 11:46:20 PM - Running DharmawheelScraper... path: C:\Users\cyber\source\repos\DharmawheelScraper\DharmawheelScraper\bin\Debug\net6.0\
[6/25/2023 11:46:22 PM - C:\Users\cyber\source\repos\DharmawheelScraper\DharmawheelScraper\bin\Debug\net6.0\DharmawheelScraper.exe]: Do you want to scrape the latest posts only? (yes/no)
[6/25/2023 11:46:22 PM - C:\Users\cyber\source\repos\DharmawheelScraper\DharmawheelScraper\bin\Debug\net6.0\DharmawheelScraper.exe]: Stop date: 6/7/2023 2:10:00 PM
[6/25/2023 11:46:24 PM - C:\Users\cyber\source\repos\DharmawheelScraper\DharmawheelScraper\bin\Debug\net6.0\DharmawheelScraper.exe]: Starting ChromeDriver 114.0.5735.90 (386bc09e8f4f2e025eddae123f36f6263096ae49-refs/branch-heads/5735@{#1052}) on port 50865
[6/25/2023 11:46:24 PM - C:\Users\cyber\source\repos\DharmawheelScraper\DharmawheelScraper\bin\Debug\net6.0\DharmawheelScraper.exe]: Only local connections are allowed.
[6/25/2023 11:46:24 PM - C:\Users\cyber\source\repos\DharmawheelScraper\DharmawheelScraper\bin\Debug\net6.0\DharmawheelScraper.exe]: Please see https://chromedriver.chromium.org/security-considerations for suggestions on keeping ChromeDriver safe.
[6/25/2023 11:46:24 PM - C:\Users\cyber\source\repos\DharmawheelScraper\DharmawheelScraper\bin\Debug\net6.0\DharmawheelScraper.exe]: ChromeDriver was started successfully.
[6/25/2023 11:46:31 PM - C:\Users\cyber\source\repos\DharmawheelScraper\DharmawheelScraper\bin\Debug\net6.0\DharmawheelScraper.exe]: Fetching page 0: https://dharmawheel.net/search.php?st=0&sk=t&sd=d&sr=posts&author_id=638&start=0
[6/25/2023 11:46:40 PM - C:\Users\cyber\source\repos\DharmawheelScraper\DharmawheelScraper\bin\Debug\net6.0\DharmawheelScraper.exe]: Total number of user's posts: 42594
[6/25/2023 11:46:40 PM - C:\Users\cyber\source\repos\DharmawheelScraper\DharmawheelScraper\bin\Debug\net6.0\DharmawheelScraper.exe]: Collecting post 1
[6/25/2023 11:46:45 PM - C:\Users\cyber\source\repos\DharmawheelScraper\DharmawheelScraper\bin\Debug\net6.0\DharmawheelScraper.exe]: Collecting post 2
[6/25/2023 11:46:48 PM - C:\Users\cyber\source\repos\DharmawheelScraper\DharmawheelScraper\bin\Debug\net6.0\DharmawheelScraper.exe]: Collecting post 3
[6/25/2023 11:46:52 PM - C:\Users\cyber\source\repos\DharmawheelScraper\DharmawheelScraper\bin\Debug\net6.0\DharmawheelScraper.exe]: Collecting post 4
[6/25/2023 11:46:55 PM - C:\Users\cyber\source\repos\DharmawheelScraper\DharmawheelScraper\bin\Debug\net6.0\DharmawheelScraper.exe]: Collecting post 5
[6/25/2023 11:46:59 PM - C:\Users\cyber\source\repos\DharmawheelScraper\DharmawheelScraper\bin\Debug\net6.0\DharmawheelScraper.exe]: Collecting post 6
